Using pre-set license
Built from '2022.3/staging' branch; Version is '2022.3.25f1 (530ae0ba3889) revision 5442272'; Using compiler version '192829333'; Build Type 'Release'
OS: 'Windows 11  (10.0.22631) 64bit CoreSingleLanguage' Language: 'en' Physical Memory: 15711 MB
BatchMode: 1, IsHumanControllingUs: 0, StartBugReporterOnCrash: 0, Is64bit: 1, IsPro: 1

COMMAND LINE ARGUMENTS:
C:\Program Files\Unity\Hub\Editor\2022.3.25f1\Editor\Unity.exe
-adb2
-batchMode
-noUpm
-name
AssetImportWorker0
-projectPath
C:/Users/rawat/Documents/GitHub/Eternal
-logFile
Logs/AssetImportWorker0.log
-srvPort
56939
Successfully changed project path to: C:/Users/rawat/Documents/GitHub/Eternal
C:/Users/rawat/Documents/GitHub/Eternal
[UnityMemory] Configuration Parameters - Can be set up in boot.config
    "memorysetup-bucket-allocator-granularity=16"
    "memorysetup-bucket-allocator-bucket-count=8"
    "memorysetup-bucket-allocator-block-size=33554432"
    "memorysetup-bucket-allocator-block-count=8"
    "memorysetup-main-allocator-block-size=16777216"
    "memorysetup-thread-allocator-block-size=16777216"
    "memorysetup-gfx-main-allocator-block-size=16777216"
    "memorysetup-gfx-thread-allocator-block-size=16777216"
    "memorysetup-cache-allocator-block-size=4194304"
    "memorysetup-typetree-allocator-block-size=2097152"
    "memorysetup-profiler-bucket-allocator-granularity=16"
    "memorysetup-profiler-bucket-allocator-bucket-count=8"
    "memorysetup-profiler-bucket-allocator-block-size=33554432"
    "memorysetup-profiler-bucket-allocator-block-count=8"
    "memorysetup-profiler-allocator-block-size=16777216"
    "memorysetup-profiler-editor-allocator-block-size=1048576"
    "memorysetup-temp-allocator-size-main=16777216"
    "memorysetup-job-temp-allocator-block-size=2097152"
    "memorysetup-job-temp-allocator-block-size-background=1048576"
    "memorysetup-job-temp-allocator-reduction-small-platforms=262144"
    "memorysetup-allocator-temp-initial-block-size-main=262144"
    "memorysetup-allocator-temp-initial-block-size-worker=262144"
    "memorysetup-temp-allocator-size-background-worker=32768"
    "memorysetup-temp-allocator-size-job-worker=262144"
    "memorysetup-temp-allocator-size-preload-manager=33554432"
    "memorysetup-temp-allocator-size-nav-mesh-worker=65536"
    "memorysetup-temp-allocator-size-audio-worker=65536"
    "memorysetup-temp-allocator-size-cloud-worker=32768"
    "memorysetup-temp-allocator-size-gi-baking-worker=262144"
    "memorysetup-temp-allocator-size-gfx=262144"
Player connection [7116] Host "[IP] 172.18.35.129 [Port] 0 [Flags] 2 [Guid] 3550155483 [EditorId] 3550155483 [Version] 1048832 [Id] WindowsEditor(7,KR) [Debug] 1 [PackageName] WindowsEditor [ProjectName] Editor" joined multi-casting on [225.0.0.222:54997]...

Player connection [7116] Host "[IP] 172.18.35.129 [Port] 0 [Flags] 2 [Guid] 3550155483 [EditorId] 3550155483 [Version] 1048832 [Id] WindowsEditor(7,KR) [Debug] 1 [PackageName] WindowsEditor [ProjectName] Editor" joined alternative multi-casting on [225.0.0.222:34997]...

[Physics::Module] Initialized MultithreadedJobDispatcher with 11 workers.
Refreshing native plugins compatible for Editor in 0.00 ms, found 0 plugins.
Preloading 0 native plugins for Editor in 0.00 ms.
Initialize engine version: 2022.3.25f1 (530ae0ba3889)
[Subsystems] Discovering subsystems at path C:/Program Files/Unity/Hub/Editor/2022.3.25f1/Editor/Data/Resources/UnitySubsystems
[Subsystems] Discovering subsystems at path C:/Users/rawat/Documents/GitHub/Eternal/Assets
GfxDevice: creating device client; threaded=0; jobified=0
Direct3D:
    Version:  Direct3D 11.0 [level 11.1]
    Renderer: AMD Radeon(TM) RX 6500M (ID=0x743f)
    Vendor:   ATI
    VRAM:     4050 MB
    Driver:   31.0.12002.7004
Initialize mono
Mono path[0] = 'C:/Program Files/Unity/Hub/Editor/2022.3.25f1/Editor/Data/Managed'
Mono path[1] = 'C:/Program Files/Unity/Hub/Editor/2022.3.25f1/Editor/Data/MonoBleedingEdge/lib/mono/unityjit-win32'
Mono config path = 'C:/Program Files/Unity/Hub/Editor/2022.3.25f1/Editor/Data/MonoBleedingEdge/etc'
Using monoOptions --debugger-agent=transport=dt_socket,embedding=1,server=y,suspend=n,address=127.0.0.1:56152
Begin MonoManager ReloadAssembly
Registering precompiled unity dll's ...
Register platform support module: C:/Program Files/Unity/Hub/Editor/2022.3.25f1/Editor/Data/PlaybackEngines/WebGLSupport/UnityEditor.WebGL.Extensions.dll
Register platform support module: C:/Program Files/Unity/Hub/Editor/2022.3.25f1/Editor/Data/PlaybackEngines/WindowsStandaloneSupport/UnityEditor.WindowsStandalone.Extensions.dll
Registered in 0.011744 seconds.
- Loaded All Assemblies, in  0.522 seconds
Native extension for WindowsStandalone target not found
Native extension for WebGL target not found
Mono: successfully reloaded assembly
- Finished resetting the current domain, in  0.342 seconds
Domain Reload Profiling: 861ms
	BeginReloadAssembly (177ms)
		ExecutionOrderSort (0ms)
		DisableScriptedObjects (0ms)
		BackupInstance (0ms)
		ReleaseScriptingObjects (0ms)
		CreateAndSetChildDomain (1ms)
	RebuildCommonClasses (49ms)
	RebuildNativeTypeToScriptingClass (11ms)
	initialDomainReloadingComplete (81ms)
	LoadAllAssembliesAndSetupDomain (200ms)
		LoadAssemblies (175ms)
		RebuildTransferFunctionScriptingTraits (0ms)
		AnalyzeDomain (196ms)
			TypeCache.Refresh (195ms)
				TypeCache.ScanAssembly (177ms)
			ScanForSourceGeneratedMonoScriptInfo (1ms)
			ResolveRequiredComponents (1ms)
	FinalizeReload (343ms)
		ReleaseScriptCaches (0ms)
		RebuildScriptCaches (0ms)
		SetupLoadedEditorAssemblies (274ms)
			LogAssemblyErrors (0ms)
			InitializePlatformSupportModulesInManaged (13ms)
			SetLoadedEditorAssemblies (7ms)
			RefreshPlugins (0ms)
			BeforeProcessingInitializeOnLoad (2ms)
			ProcessInitializeOnLoadAttributes (189ms)
			ProcessInitializeOnLoadMethodAttributes (63ms)
			AfterProcessingInitializeOnLoad (0ms)
			EditorAssembliesLoaded (0ms)
		ExecutionOrderSort2 (0ms)
		AwakeInstancesAfterBackupRestoration (0ms)
========================================================================
Worker process is ready to serve import requests
Begin MonoManager ReloadAssembly
- Loaded All Assemblies, in  0.242 seconds
Refreshing native plugins compatible for Editor in 0.00 ms, found 0 plugins.
Native extension for WindowsStandalone target not found
Native extension for WebGL target not found
Mono: successfully reloaded assembly
- Finished resetting the current domain, in  0.376 seconds
Domain Reload Profiling: 616ms
	BeginReloadAssembly (163ms)
		ExecutionOrderSort (0ms)
		DisableScriptedObjects (7ms)
		BackupInstance (0ms)
		ReleaseScriptingObjects (0ms)
		CreateAndSetChildDomain (27ms)
	RebuildCommonClasses (32ms)
	RebuildNativeTypeToScriptingClass (11ms)
	initialDomainReloadingComplete (27ms)
	LoadAllAssembliesAndSetupDomain (6ms)
		LoadAssemblies (92ms)
		RebuildTransferFunctionScriptingTraits (0ms)
		AnalyzeDomain (4ms)
			TypeCache.Refresh (3ms)
				TypeCache.ScanAssembly (0ms)
			ScanForSourceGeneratedMonoScriptInfo (0ms)
			ResolveRequiredComponents (0ms)
	FinalizeReload (376ms)
		ReleaseScriptCaches (0ms)
		RebuildScriptCaches (0ms)
		SetupLoadedEditorAssemblies (245ms)
			LogAssemblyErrors (0ms)
			InitializePlatformSupportModulesInManaged (9ms)
			SetLoadedEditorAssemblies (6ms)
			RefreshPlugins (0ms)
			BeforeProcessingInitializeOnLoad (31ms)
			ProcessInitializeOnLoadAttributes (163ms)
			ProcessInitializeOnLoadMethodAttributes (24ms)
			AfterProcessingInitializeOnLoad (12ms)
			EditorAssembliesLoaded (0ms)
		ExecutionOrderSort2 (0ms)
		AwakeInstancesAfterBackupRestoration (9ms)
Launched and connected shader compiler UnityShaderCompiler.exe after 0.06 seconds
Refreshing native plugins compatible for Editor in 0.00 ms, found 0 plugins.
Preloading 0 native plugins for Editor in 0.00 ms.
Unloading 6 Unused Serialized files (Serialized files now loaded: 0)
Unloading 3 unused Assets / (39.9 KB). Loaded Objects now: 477.
Memory consumption went from 51.3 MB to 51.3 MB.
Total: 4.248900 ms (FindLiveObjects: 0.070300 ms CreateObjectMapping: 0.004400 ms MarkObjects: 4.091200 ms  DeleteObjects: 0.081800 ms)

AssetImportParameters requested are different than current active one (requested -> active):
  custom:video-decoder-ogg-theora: a1e56fd34408186e4bbccfd4996cb3dc -> 
  custom:container-muxer-webm: aa71ff27fc2769a1b78a27578f13a17b -> 
  custom:container-demuxer-webm: 4f35f7cbe854078d1ac9338744f61a02 -> 
  custom:video-encoder-webm-vp8: eb34c28f22e8b96e1ab97ce403110664 -> 
  custom:CustomObjectIndexerAttribute: 9a22284fe3817be447336de3de66b15e -> 
  custom:audio-encoder-webm-vorbis: bf7c407c2cedff20999df2af8eb42d56 -> 
  custom:framework-win-MediaFoundation: 216162199b28c13a410421893ffa2e32 -> 
  custom:SearchIndexIgnoredProperties: e643bd26f0fe6173181afceb89e7c659 -> 
  custom:container-demuxer-ogg: 62fdf1f143b41e24485cea50d1cbac27 -> 
  custom:video-decoder-webm-vp8: 9c59270c3fd7afecdb556c50c9e8de78 -> 
  custom:audio-decoder-ogg-vorbis: bf7c407c2cedff20999df2af8eb42d56 -> 
  custom:AudioImporter_EditorPlatform: d09bf68614088b80899f8185d706f6e7 -> 
========================================================================
Received Import Request.
  Time since last request: 4570.440685 seconds.
  path: Assets/Stylize Water Texture/Scene
  artifactKey: Guid(39e6bc35d37e4fa469c1ce38bb05c941) Importer(815301076,1909f56bfc062723c751e8b465ee728b)
Start importing Assets/Stylize Water Texture/Scene using Guid(39e6bc35d37e4fa469c1ce38bb05c941) Importer(815301076,1909f56bfc062723c751e8b465ee728b)  -> (artifact id: 'f8f124a7ce3efbbdb1b9bb76e54d1b76') in 0.003110 seconds
Number of updated asset objects reloaded before import = 0
Number of asset objects unloaded after import = 0
========================================================================
Received Import Request.
  Time since last request: 21.038101 seconds.
  path: Assets/Free Island Collection
  artifactKey: Guid(1e9eadac716293246a75b128323cd995) Importer(815301076,1909f56bfc062723c751e8b465ee728b)
Start importing Assets/Free Island Collection using Guid(1e9eadac716293246a75b128323cd995) Importer(815301076,1909f56bfc062723c751e8b465ee728b)  -> (artifact id: '7c77ffb9abcee2e1047b2ab565d9cd81') in 0.000415 seconds
Number of updated asset objects reloaded before import = 0
Number of asset objects unloaded after import = 0
========================================================================
Received Import Request.
  Time since last request: 0.679847 seconds.
  path: Assets/Game
  artifactKey: Guid(2d85f1835e6be6c4b9a53513d802fd25) Importer(815301076,1909f56bfc062723c751e8b465ee728b)
Start importing Assets/Game using Guid(2d85f1835e6be6c4b9a53513d802fd25) Importer(815301076,1909f56bfc062723c751e8b465ee728b)  -> (artifact id: '62ad22a9ecc2855553649918b6385f30') in 0.000450 seconds
Number of updated asset objects reloaded before import = 0
Number of asset objects unloaded after import = 0
========================================================================
Received Import Request.
  Time since last request: 2.922961 seconds.
  path: Assets/VillagePack
  artifactKey: Guid(391f84ee831f5cc42b1bbec2665ce68e) Importer(815301076,1909f56bfc062723c751e8b465ee728b)
Start importing Assets/VillagePack using Guid(391f84ee831f5cc42b1bbec2665ce68e) Importer(815301076,1909f56bfc062723c751e8b465ee728b)  -> (artifact id: '88e5720762e70542e9006da45c34af46') in 0.000452 seconds
Number of updated asset objects reloaded before import = 0
Number of asset objects unloaded after import = 0
========================================================================
Received Import Request.
  Time since last request: 1.097152 seconds.
  path: Assets/TutorialInfo
  artifactKey: Guid(b06cf8b9a6f915c4eac0be79c60e99a7) Importer(815301076,1909f56bfc062723c751e8b465ee728b)
Start importing Assets/TutorialInfo using Guid(b06cf8b9a6f915c4eac0be79c60e99a7) Importer(815301076,1909f56bfc062723c751e8b465ee728b)  -> (artifact id: 'fab965b676e385fce74fa122fcfcac78') in 0.000471 seconds
Number of updated asset objects reloaded before import = 0
Number of asset objects unloaded after import = 0
========================================================================
Received Import Request.
  Time since last request: 0.637843 seconds.
  path: Assets/TerrainSampleAssets/Textures
  artifactKey: Guid(74d3904beee5a8c4ab8f26b3e7d4cb9a) Importer(815301076,1909f56bfc062723c751e8b465ee728b)
Start importing Assets/TerrainSampleAssets/Textures using Guid(74d3904beee5a8c4ab8f26b3e7d4cb9a) Importer(815301076,1909f56bfc062723c751e8b465ee728b)  -> (artifact id: '5fb445edcc743db35366dc6ba16ce6e2') in 0.000491 seconds
Number of updated asset objects reloaded before import = 0
Number of asset objects unloaded after import = 0
========================================================================
Received Import Request.
  Time since last request: 0.554914 seconds.
  path: Assets/TerrainSampleAssets/TerrainLayers
  artifactKey: Guid(2e3ce301865b1994d93026a4ae229352) Importer(815301076,1909f56bfc062723c751e8b465ee728b)
Start importing Assets/TerrainSampleAssets/TerrainLayers using Guid(2e3ce301865b1994d93026a4ae229352) Importer(815301076,1909f56bfc062723c751e8b465ee728b)  -> (artifact id: '118123e7d755c81ccf9b6e8761fa557c') in 0.000522 seconds
Number of updated asset objects reloaded before import = 0
Number of asset objects unloaded after import = 0
========================================================================
Received Import Request.
  Time since last request: 0.860235 seconds.
  path: Assets/TerrainSampleAssets/TerrainBrushes
  artifactKey: Guid(04cdefd35942d904eac479eeaa91f2da) Importer(815301076,1909f56bfc062723c751e8b465ee728b)
Start importing Assets/TerrainSampleAssets/TerrainBrushes using Guid(04cdefd35942d904eac479eeaa91f2da) Importer(815301076,1909f56bfc062723c751e8b465ee728b)  -> (artifact id: '4bca322b9aa17268fcaf546585d20536') in 0.000500 seconds
Number of updated asset objects reloaded before import = 0
Number of asset objects unloaded after import = 0
========================================================================
Received Import Request.
  Time since last request: 0.554757 seconds.
  path: Assets/TerrainSampleAssets/ShaderGraphs
  artifactKey: Guid(ad363c359235acb43aa8579ae7aaf656) Importer(815301076,1909f56bfc062723c751e8b465ee728b)
Start importing Assets/TerrainSampleAssets/ShaderGraphs using Guid(ad363c359235acb43aa8579ae7aaf656) Importer(815301076,1909f56bfc062723c751e8b465ee728b)  -> (artifact id: '3a7d8851822ebcfff171d525ffcf726c') in 0.000449 seconds
Number of updated asset objects reloaded before import = 0
Number of asset objects unloaded after import = 0
========================================================================
Received Import Request.
  Time since last request: 0.568807 seconds.
  path: Assets/TerrainSampleAssets/Settings
  artifactKey: Guid(d1b6e82e38f9ffc42912e4578ef6efd4) Importer(815301076,1909f56bfc062723c751e8b465ee728b)
Start importing Assets/TerrainSampleAssets/Settings using Guid(d1b6e82e38f9ffc42912e4578ef6efd4) Importer(815301076,1909f56bfc062723c751e8b465ee728b)  -> (artifact id: '28a366273a940b71512fb366ea85574d') in 0.000471 seconds
Number of updated asset objects reloaded before import = 0
Number of asset objects unloaded after import = 0
========================================================================
Received Import Request.
  Time since last request: 0.596927 seconds.
  path: Assets/TerrainSampleAssets/Prefabs
  artifactKey: Guid(5fec5ca9de8b06c4a95b858625c1af09) Importer(815301076,1909f56bfc062723c751e8b465ee728b)
Start importing Assets/TerrainSampleAssets/Prefabs using Guid(5fec5ca9de8b06c4a95b858625c1af09) Importer(815301076,1909f56bfc062723c751e8b465ee728b)  -> (artifact id: 'e5ce35d563f92a821584d5040bd8315b') in 0.000454 seconds
Number of updated asset objects reloaded before import = 0
Number of asset objects unloaded after import = 0
========================================================================
Received Import Request.
  Time since last request: 0.617172 seconds.
  path: Assets/TerrainSampleAssets/Models
  artifactKey: Guid(2d2c0d98df926a74db263b9b7a42ad5f) Importer(815301076,1909f56bfc062723c751e8b465ee728b)
Start importing Assets/TerrainSampleAssets/Models using Guid(2d2c0d98df926a74db263b9b7a42ad5f) Importer(815301076,1909f56bfc062723c751e8b465ee728b)  -> (artifact id: 'e4bb5c7497a3bdcceeb43ec726a15f28') in 0.000492 seconds
Number of updated asset objects reloaded before import = 0
Number of asset objects unloaded after import = 0
========================================================================
Received Import Request.
  Time since last request: 1.228194 seconds.
  path: Assets/TerrainSampleAssets/Materials
  artifactKey: Guid(23bb646fbf599e04eb54a1e3e2393771) Importer(815301076,1909f56bfc062723c751e8b465ee728b)
Start importing Assets/TerrainSampleAssets/Materials using Guid(23bb646fbf599e04eb54a1e3e2393771) Importer(815301076,1909f56bfc062723c751e8b465ee728b)  -> (artifact id: '8b766919bbedf347da7cbab7f836d967') in 0.000483 seconds
Number of updated asset objects reloaded before import = 0
Number of asset objects unloaded after import = 0
========================================================================
Received Import Request.
  Time since last request: 0.797663 seconds.
  path: Assets/Terrain
  artifactKey: Guid(27f1015ea15defd4eb52006113f7b76e) Importer(815301076,1909f56bfc062723c751e8b465ee728b)
Start importing Assets/Terrain using Guid(27f1015ea15defd4eb52006113f7b76e) Importer(815301076,1909f56bfc062723c751e8b465ee728b)  -> (artifact id: '8e92cfab980515d5875ecbb999351931') in 0.000479 seconds
Number of updated asset objects reloaded before import = 0
Number of asset objects unloaded after import = 0
========================================================================
Received Import Request.
  Time since last request: 0.488093 seconds.
  path: Assets/Stylize Water Texture/Textures
  artifactKey: Guid(2cc021676ccb2fb4da4167c7ea83e8ec) Importer(815301076,1909f56bfc062723c751e8b465ee728b)
Start importing Assets/Stylize Water Texture/Textures using Guid(2cc021676ccb2fb4da4167c7ea83e8ec) Importer(815301076,1909f56bfc062723c751e8b465ee728b)  -> (artifact id: 'eb2e064f37579f1efb9c1e49f2a9fb3f') in 0.000536 seconds
Number of updated asset objects reloaded before import = 0
Number of asset objects unloaded after import = 0
========================================================================
Received Import Request.
  Time since last request: 16.225963 seconds.
  path: Assets/Game/Animators
  artifactKey: Guid(7a27555c9adb0ab43a9c05550724d807) Importer(815301076,1909f56bfc062723c751e8b465ee728b)
Start importing Assets/Game/Animators using Guid(7a27555c9adb0ab43a9c05550724d807) Importer(815301076,1909f56bfc062723c751e8b465ee728b)  -> (artifact id: 'bf43edc47101029ac43d02d8290bdab2') in 0.000490 seconds
Number of updated asset objects reloaded before import = 0
Number of asset objects unloaded after import = 0
========================================================================
Received Import Request.
  Time since last request: 4.492229 seconds.
  path: Assets/Scenes
  artifactKey: Guid(1d2504aca150f174a89ebd4600a08662) Importer(815301076,1909f56bfc062723c751e8b465ee728b)
Start importing Assets/Scenes using Guid(1d2504aca150f174a89ebd4600a08662) Importer(815301076,1909f56bfc062723c751e8b465ee728b)  -> (artifact id: 'b12573ce03dd978cc3aaaa4c5493da5c') in 0.000406 seconds
Number of updated asset objects reloaded before import = 0
Number of asset objects unloaded after import = 0
========================================================================
Received Import Request.
  Time since last request: 3.430552 seconds.
  path: Assets/Settings
  artifactKey: Guid(f9f817afc3311f94e9214da44592d45a) Importer(815301076,1909f56bfc062723c751e8b465ee728b)
Start importing Assets/Settings using Guid(f9f817afc3311f94e9214da44592d45a) Importer(815301076,1909f56bfc062723c751e8b465ee728b)  -> (artifact id: '9f5c67a097da815c278cebcea3dbe22b') in 0.000453 seconds
Number of updated asset objects reloaded before import = 0
Number of asset objects unloaded after import = 0
